#
# There is insufficient memory for the Java Runtime Environment to continue.
# Native memory allocation (malloc) failed to allocate 1048576 bytes for AllocateHeap
# Possible reasons:
#   The system is out of physical RAM or swap space
#   In 32 bit mode, the process size limit was hit
# Possible solutions:
#   Reduce memory load on the system
#   Increase physical memory or swap space
#   Check if swap backing store is full
#   Use 64 bit Java on a 64 bit OS
#   Decrease Java heap size (-Xmx/-Xms)
#   Decrease number of Java threads
#   Decrease Java thread stack sizes (-Xss)
#   Set larger code cache with -XX:ReservedCodeCacheSize=
# This output file may be truncated or incomplete.
#
#  Out of Memory Error (memory/allocation.inline.hpp:61), pid=1968, tid=0x00000000000014a8
#
# JRE version:  (8.0_152-b01) (build )
# Java VM: OpenJDK 64-Bit Server VM (25.152-b01 mixed mode windows-amd64 compressed oops)
# Failed to write core dump. Minidumps are not enabled by default on client versions of Windows
#

---------------  T H R E A D  ---------------

Current thread (0x0000000002a42800):  JavaThread "Unknown thread" [_thread_in_vm, id=5288, stack(0x0000000002940000,0x0000000002a40000)]

Stack: [0x0000000002940000,0x0000000002a40000]
[error occurred during error reporting (printing stack bounds), id 0xc0000005]

Native frames: (J=compiled Java code, j=interpreted, Vv=VM code, C=native code)


---------------  P R O C E S S  ---------------

Java Threads: ( => current thread )

Other Threads:

=>0x0000000002a42800 (exited) JavaThread "Unknown thread" [_thread_in_vm, id=5288, stack(0x0000000002940000,0x0000000002a40000)]

VM state:not at safepoint (normal execution)

VM Mutex/Monitor currently owned by a thread: None

Heap:
 PSYoungGen      total 38400K, used 665K [0x00000000d5700000, 0x00000000d8180000, 0x0000000100000000)
  eden space 33280K, 2% used [0x00000000d5700000,0x00000000d57a6670,0x00000000d7780000)
  from space 5120K, 0% used [0x00000000d7c80000,0x00000000d7c80000,0x00000000d8180000)
  to   space 5120K, 0% used [0x00000000d7780000,0x00000000d7780000,0x00000000d7c80000)
 ParOldGen       total 87552K, used 0K [0x0000000080400000, 0x0000000085980000, 0x00000000d5700000)
  object space 87552K, 0% used [0x0000000080400000,0x0000000080400000,0x0000000085980000)
 Metaspace       used 783K, capacity 1156K, committed 1408K, reserved 1060864K
  class space    used 73K, capacity 384K, committed 384K, reserved 1048576K

Card table byte_map: [0x0000000011f00000,0x0000000012300000] byte_map_base: 0x0000000011afe000

Marking Bits: (ParMarkBitMap*) 0x0000000058945aa0
 Begin Bits: [0x00000000129b0000, 0x00000000149a0000)
 End Bits:   [0x00000000149a0000, 0x0000000016990000)

Polling page: 0x0000000000f00000

CodeCache: size=245760Kb used=328Kb max_used=328Kb free=245431Kb
 bounds [0x0000000002b40000, 0x0000000002db0000, 0x0000000011b40000]
 total_blobs=57 nmethods=0 adapters=38
 compilation: enabled

Compilation events (0 events):
No events

GC Heap History (0 events):
No events

Deoptimization events (0 events):
No events

Classes redefined (0 events):
No events

Internal exceptions (0 events):
No events

Events (10 events):
Event: 0.164 loading class java/lang/Short
Event: 0.164 loading class java/lang/Short done
Event: 0.164 loading class java/lang/Integer
Event: 0.165 loading class java/lang/Integer done
Event: 0.165 loading class java/lang/Long
Event: 0.165 loading class java/lang/Long done
Event: 0.167 loading class java/lang/NullPointerException
Event: 0.167 loading class java/lang/NullPointerException done
Event: 0.167 loading class java/lang/ArithmeticException
Event: 0.167 loading class java/lang/ArithmeticException done


Dynamic libraries:
0x00007ff70a390000 - 0x00007ff70a3c1000 	C:\Program Files\Android\Android Studio\jre\bin\java.EXE
0x00007ffd0d910000 - 0x00007ffd0dabd000 	C:\Windows\SYSTEM32\ntdll.dll
0x00007ffd0d060000 - 0x00007ffd0d19f000 	C:\Windows\system32\KERNEL32.DLL
0x00007ffd0add0000 - 0x00007ffd0aee6000 	C:\Windows\system32\KERNELBASE.dll
0x00007ffd0cd10000 - 0x00007ffd0cdba000 	C:\Windows\system32\ADVAPI32.dll
0x00007ffd0ce30000 - 0x00007ffd0cfa7000 	C:\Windows\system32\USER32.dll
0x00007ffd08b50000 - 0x00007ffd08dcb000 	C:\Windows\WinSxS\amd64_microsoft.windows.common-controls_6595b64144ccf1df_6.0.9600.19394_none_62486577ecb635cf\COMCTL32.dll
0x00007ffd0cfb0000 - 0x00007ffd0d05a000 	C:\Windows\system32\msvcrt.dll
0x00007ffd0b590000 - 0x00007ffd0b5e9000 	C:\Windows\SYSTEM32\sechost.dll
0x00007ffd0b370000 - 0x00007ffd0b4b0000 	C:\Windows\system32\RPCRT4.dll
0x00007ffd0b220000 - 0x00007ffd0b36c000 	C:\Windows\system32\GDI32.dll
0x00007ffd0ada0000 - 0x00007ffd0adce000 	C:\Windows\system32\SspiCli.dll
0x00007ffd0d8d0000 - 0x00007ffd0d906000 	C:\Windows\system32\IMM32.DLL
0x00007ffd0d1a0000 - 0x00007ffd0d2f2000 	C:\Windows\system32\MSCTF.dll
0x0000000057b40000 - 0x0000000057c12000 	C:\Program Files\Android\Android Studio\jre\jre\bin\msvcr100.dll
0x0000000058180000 - 0x00000000589c1000 	C:\Program Files\Android\Android Studio\jre\jre\bin\server\jvm.dll
0x00007ffd04460000 - 0x00007ffd04469000 	C:\Windows\SYSTEM32\WSOCK32.dll
0x00007ffd04500000 - 0x00007ffd04522000 	C:\Windows\SYSTEM32\WINMM.dll
0x00007ffd04b40000 - 0x00007ffd04b4a000 	C:\Windows\SYSTEM32\VERSION.dll
0x00007ffd0b210000 - 0x00007ffd0b217000 	C:\Windows\system32\PSAPI.DLL
0x00007ffd0b600000 - 0x00007ffd0b65a000 	C:\Windows\system32\WS2_32.dll
0x00007ffd044d0000 - 0x00007ffd044fa000 	C:\Windows\SYSTEM32\WINMMBASE.dll
0x00007ffd0b5f0000 - 0x00007ffd0b5f9000 	C:\Windows\system32\NSI.dll
0x00007ffd0af50000 - 0x00007ffd0af9f000 	C:\Windows\SYSTEM32\cfgmgr32.dll
0x00007ffd09850000 - 0x00007ffd09878000 	C:\Windows\SYSTEM32\DEVOBJ.dll
0x00007ffd01a40000 - 0x00007ffd01a4f000 	C:\Program Files\Android\Android Studio\jre\jre\bin\verify.dll
0x00007ffd01a10000 - 0x00007ffd01a39000 	C:\Program Files\Android\Android Studio\jre\jre\bin\java.dll
0x00007ffd019f0000 - 0x00007ffd01a06000 	C:\Program Files\Android\Android Studio\jre\jre\bin\zip.dll

VM Arguments:
java_command: <unknown>
java_class_path (initial): .
Launcher Type: SUN_STANDARD

Environment Variables:
PATH=C:\Program Files\NVIDIA GPU Computing Toolkit\CUDA\v10.1\bin;C:\Program Files\NVIDIA GPU Computing Toolkit\CUDA\v10.1\libnvvp;C:\Program Files (x86)\Common Files\Oracle\Java\javapath;C:\Windows\system32;C:\Windows;C:\Windows\System32\Wbem;C:\Windows\System32\WindowsPowerShell\v1.0\;C:\Program Files\dotnet\;C:\wamp64\bin\php\php5.6.31;C:\ProgramData\ComposerSetup\bin;C:\Program Files (x86)\Microsoft SQL Server\140\Tools\Binn\;C:\Program Files\Microsoft SQL Server\Client SDK\ODBC\130\Tools\Binn\;C:\Program Files\Microsoft SQL Server\140\Tools\Binn\;C:\Program Files\Microsoft SQL Server\140\DTS\Binn\;C:\Program Files\Microsoft SQL Server\110\Tools\Binn\;c:\Program Files (x86)\Microsoft SQL Server\110\Tools\Binn\ManagementStudio\;c:\Program Files (x86)\Microsoft SQL Server\110\Tools\Binn\;c:\Program Files (x86)\Microsoft SQL Server\110\DTS\Binn\;C:\Program Files (x86)\combit\LL23\Redistributable Files\;C:\Program Files (x86)\combit\LL23\Redistributable Files\x64\;C:\Program Files\Microsoft VS Code\bin;C:\Program Files\MiKTeX 2.9\miktex\bin\x64\;C:\Program Files (x86)\Microsoft SQL Server\Client SDK\ODBC\130\Tools\Binn\;C:\Program Files (x86)\Microsoft SQL Server\140\DTS\Binn\;C:\Program Files (x86)\Microsoft SQL Server\140\Tools\Binn\ManagementStudio\;C:\Program Files\Microsoft SQL Server\130\Tools\Binn\;C:\Program Files\NVIDIA Corporation\Nsight Compute 2019.1\;C:\Program Files (x86)\NVIDIA Corporation\PhysX\Common;C:\Program Files\Git\cmd;C:\Users\USER\Anaconda3;C:\Users\USER\Anaconda3\Library\mingw-w64\bin;C:\Users\USER\Anaconda3\Library\usr\bin;C:\Users\USER\Anaconda3\Library\bin;C:\Users\USER\Anaconda3\Scripts;%DASHLANE_DLL_DIR%;C:\Users\USER\AppData\Roaming\Composer\vendor\bin;C:\Users\USER\AppData\Local\Programs\MiKTeX 2.9\miktex\bin\x64\;C:\Users\USER\AppData\Local\Programs\Microsoft VS Code\bin;C:\Users\USER\Downloads\program 2019\flutter_windows_v1.7.8+hotfix.3-stable\flutter\bin\mingit\cmd
USERNAME=USER
OS=Windows_NT
PROCESSOR_IDENTIFIER=Intel64 Family 6 Model 42 Stepping 7, GenuineIntel



---------------  S Y S T E M  ---------------

OS: Windows 8.1 , 64 bit Build 9600 (6.3.9600.19358)

CPU:total 4 (initial active 4) (4 cores per cpu, 1 threads per core) family 6 model 42 stepping 7, cmov, cx8, fxsr, mmx, sse, sse2, sse3, ssse3, sse4.1, sse4.2, popcnt, avx, aes, clmul, tsc, tscinvbit

Memory: 4k page, physical 8365508k(970484k free), swap 11511236k(16148k free)

vm_info: OpenJDK 64-Bit Server VM (25.152-b01) for windows-amd64 JRE (1.8.0_152-release-1343-b01), built by "builder" with MS VC++ 10.0 (VS2010)

time: Thu Aug 22 18:09:15 2019
elapsed time: 0 seconds (0d 0h 0m 0s)

