#
# There is insufficient memory for the Java Runtime Environment to continue.
# Native memory allocation (malloc) failed to allocate 1012336 bytes for Chunk::new
# Possible reasons:
#   The system is out of physical RAM or swap space
#   In 32 bit mode, the process size limit was hit
# Possible solutions:
#   Reduce memory load on the system
#   Increase physical memory or swap space
#   Check if swap backing store is full
#   Use 64 bit Java on a 64 bit OS
#   Decrease Java heap size (-Xmx/-Xms)
#   Decrease number of Java threads
#   Decrease Java thread stack sizes (-Xss)
#   Set larger code cache with -XX:ReservedCodeCacheSize=
# This output file may be truncated or incomplete.
#
#  Out of Memory Error (allocation.cpp:390), pid=7760, tid=0x00000000000014c8
#
# JRE version: OpenJDK Runtime Environment (8.0_152-b01) (build 1.8.0_152-release-1343-b01)
# Java VM: OpenJDK 64-Bit Server VM (25.152-b01 mixed mode windows-amd64 compressed oops)
# Failed to write core dump. Minidumps are not enabled by default on client versions of Windows
#

---------------  T H R E A D  ---------------

Current thread (0x00000000166c9000):  JavaThread "C2 CompilerThread1" daemon [_thread_in_native, id=5320, stack(0x0000000017e10000,0x0000000017f10000)]

Stack: [0x0000000017e10000,0x0000000017f10000]
[error occurred during error reporting (printing stack bounds), id 0xc0000005]

Native frames: (J=compiled Java code, j=interpreted, Vv=VM code, C=native code)


Current CompileTask:
C2:  25937 1311       4       java.net.URLClassLoader$1::run (5 bytes)


---------------  P R O C E S S  ---------------

Java Threads: ( => current thread )
  0x00000000193af000 JavaThread "Stdin handler" [_thread_blocked, id=4984, stack(0x000000001aab0000,0x000000001abb0000)]
  0x0000000019078800 JavaThread "Asynchronous log dispatcher for DefaultDaemonConnection: socket connection from /127.0.0.1:39241 to /127.0.0.1:39242" [_thread_blocked, id=4824, stack(0x000000001a9b0000,0x000000001aab0000)]
  0x00000000190c8000 JavaThread "Daemon worker" [_thread_in_native, id=1080, stack(0x000000001a8b0000,0x000000001a9b0000)]
  0x00000000190cc000 JavaThread "Cancel handler" [_thread_blocked, id=5228, stack(0x000000001a7b0000,0x000000001a8b0000)]
  0x0000000018a0d000 JavaThread "Handler for socket connection from /127.0.0.1:39241 to /127.0.0.1:39242" [_thread_in_native, id=6068, stack(0x000000001a6b0000,0x000000001a7b0000)]
  0x000000001806d000 JavaThread "Daemon" [_thread_blocked, id=9136, stack(0x000000001a5b0000,0x000000001a6b0000)]
  0x00000000190d5000 JavaThread "Daemon periodic checks" [_thread_blocked, id=8036, stack(0x000000001a4b0000,0x000000001a5b0000)]
  0x0000000018a08800 JavaThread "Incoming local TCP Connector on port 39241" [_thread_in_native, id=9172, stack(0x000000001a2c0000,0x000000001a3c0000)]
  0x0000000018040800 JavaThread "Service Thread" daemon [_thread_blocked, id=7584, stack(0x0000000018410000,0x0000000018510000)]
  0x00000000166cf000 JavaThread "C1 CompilerThread2" daemon [_thread_blocked, id=5796, stack(0x0000000017f10000,0x0000000018010000)]
=>0x00000000166c9000 JavaThread "C2 CompilerThread1" daemon [_thread_in_native, id=5320, stack(0x0000000017e10000,0x0000000017f10000)]
  0x00000000166c5800 JavaThread "C2 CompilerThread0" daemon [_thread_blocked, id=7368, stack(0x0000000017d10000,0x0000000017e10000)]
  0x00000000166c3000 JavaThread "Attach Listener" daemon [_thread_blocked, id=6444, stack(0x0000000017c10000,0x0000000017d10000)]
  0x00000000166c2000 JavaThread "Signal Dispatcher" daemon [_thread_blocked, id=8540, stack(0x0000000017b10000,0x0000000017c10000)]
  0x00000000166af000 JavaThread "Finalizer" daemon [_thread_blocked, id=4276, stack(0x0000000017930000,0x0000000017a30000)]
  0x0000000002d42000 JavaThread "Reference Handler" daemon [_thread_blocked, id=5588, stack(0x0000000017830000,0x0000000017930000)]
  0x0000000002c54000 JavaThread "main" [_thread_blocked, id=5244, stack(0x0000000002aa0000,0x0000000002ba0000)]

Other Threads:
  0x0000000016686800 VMThread [stack: 0x0000000017730000,0x0000000017830000] [id=6112]
  0x000000001671d800 WatcherThread [stack: 0x0000000018510000,0x0000000018610000] [id=6876]

VM state:not at safepoint (normal execution)

VM Mutex/Monitor currently owned by a thread: None

Heap:
 PSYoungGen      total 38400K, used 9111K [0x00000000e0000000, 0x00000000e2a80000, 0x0000000100000000)
  eden space 33280K, 12% used [0x00000000e0000000,0x00000000e03ec4d8,0x00000000e2080000)
  from space 5120K, 99% used [0x00000000e2080000,0x00000000e2579a40,0x00000000e2580000)
  to   space 5120K, 0% used [0x00000000e2580000,0x00000000e2580000,0x00000000e2a80000)
 ParOldGen       total 87552K, used 1934K [0x00000000a0000000, 0x00000000a5580000, 0x00000000e0000000)
  object space 87552K, 2% used [0x00000000a0000000,0x00000000a01e3960,0x00000000a5580000)
 Metaspace       used 13386K, capacity 13692K, committed 13824K, reserved 1060864K
  class space    used 1900K, capacity 2034K, committed 2048K, reserved 1048576K

Card table byte_map: [0x0000000012110000,0x0000000012420000] byte_map_base: 0x0000000011c10000

Marking Bits: (ParMarkBitMap*) 0x0000000058945aa0
 Begin Bits: [0x0000000012a20000, 0x0000000014220000)
 End Bits:   [0x0000000014220000, 0x0000000015a20000)

Polling page: 0x00000000011b0000

CodeCache: size=245760Kb used=4243Kb max_used=4355Kb free=241516Kb
 bounds [0x0000000002d50000, 0x00000000031b0000, 0x0000000011d50000]
 total_blobs=1575 nmethods=1213 adapters=276
 compilation: enabled

Compilation events (10 events):
Event: 25.725 Thread 0x00000000166c5800 nmethod 1310 0x0000000002e6ba50 code [0x0000000002e6bbe0, 0x0000000002e6bdd8]
Event: 25.782 Thread 0x00000000166c9000 1311       4       java.net.URLClassLoader$1::run (5 bytes)
Event: 25.793 Thread 0x00000000166cf000 1312       1       java.util.HashMap::afterNodeAccess (1 bytes)
Event: 25.793 Thread 0x00000000166cf000 nmethod 1312 0x0000000002e6b790 code [0x0000000002e6b8e0, 0x0000000002e6b9f0]
Event: 25.836 Thread 0x00000000166cf000 1313   !   3       org.gradle.internal.classloader.TransformingClassLoader::findClass (203 bytes)
Event: 25.839 Thread 0x00000000166cf000 nmethod 1313 0x0000000002f47190 code [0x0000000002f47640, 0x0000000002f4a3f8]
Event: 25.839 Thread 0x00000000166cf000 1314       3       org.gradle.initialization.MixInLegacyTypesClassLoader::shouldTransform (42 bytes)
Event: 25.839 Thread 0x00000000166cf000 nmethod 1314 0x0000000002e5e4d0 code [0x0000000002e5e660, 0x0000000002e5eab8]
Event: 25.901 Thread 0x00000000166cf000 1317       1       org.gradle.internal.service.AbstractServiceMethod::getParameterTypes (5 bytes)
Event: 25.901 Thread 0x00000000166cf000 nmethod 1317 0x0000000002e5e1d0 code [0x0000000002e5e320, 0x0000000002e5e430]

GC Heap History (6 events):
Event: 9.744 GC heap before
{Heap before GC invocations=1 (full 0):
 PSYoungGen      total 38400K, used 33280K [0x00000000e0000000, 0x00000000e2a80000, 0x0000000100000000)
  eden space 33280K, 100% used [0x00000000e0000000,0x00000000e2080000,0x00000000e2080000)
  from space 5120K, 0% used [0x00000000e2580000,0x00000000e2580000,0x00000000e2a80000)
  to   space 5120K, 0% used [0x00000000e2080000,0x00000000e2080000,0x00000000e2580000)
 ParOldGen       total 87552K, used 0K [0x00000000a0000000, 0x00000000a5580000, 0x00000000e0000000)
  object space 87552K, 0% used [0x00000000a0000000,0x00000000a0000000,0x00000000a5580000)
 Metaspace       used 6508K, capacity 6606K, committed 6784K, reserved 1056768K
  class space    used 795K, capacity 843K, committed 896K, reserved 1048576K
Event: 9.771 GC heap after
Heap after GC invocations=1 (full 0):
 PSYoungGen      total 38400K, used 4041K [0x00000000e0000000, 0x00000000e2a80000, 0x0000000100000000)
  eden space 33280K, 0% used [0x00000000e0000000,0x00000000e0000000,0x00000000e2080000)
  from space 5120K, 78% used [0x00000000e2080000,0x00000000e2472470,0x00000000e2580000)
  to   space 5120K, 0% used [0x00000000e2580000,0x00000000e2580000,0x00000000e2a80000)
 ParOldGen       total 87552K, used 8K [0x00000000a0000000, 0x00000000a5580000, 0x00000000e0000000)
  object space 87552K, 0% used [0x00000000a0000000,0x00000000a0002000,0x00000000a5580000)
 Metaspace       used 6508K, capacity 6606K, committed 6784K, reserved 1056768K
  class space    used 795K, capacity 843K, committed 896K, reserved 1048576K
}
Event: 18.917 GC heap before
{Heap before GC invocations=2 (full 0):
 PSYoungGen      total 38400K, used 37321K [0x00000000e0000000, 0x00000000e2a80000, 0x0000000100000000)
  eden space 33280K, 100% used [0x00000000e0000000,0x00000000e2080000,0x00000000e2080000)
  from space 5120K, 78% used [0x00000000e2080000,0x00000000e2472470,0x00000000e2580000)
  to   space 5120K, 0% used [0x00000000e2580000,0x00000000e2580000,0x00000000e2a80000)
 ParOldGen       total 87552K, used 8K [0x00000000a0000000, 0x00000000a5580000, 0x00000000e0000000)
  object space 87552K, 0% used [0x00000000a0000000,0x00000000a0002000,0x00000000a5580000)
 Metaspace       used 9806K, capacity 10044K, committed 10112K, reserved 1058816K
  class space    used 1308K, capacity 1388K, committed 1408K, reserved 1048576K
Event: 19.076 GC heap after
Heap after GC invocations=2 (full 0):
 PSYoungGen      total 38400K, used 5073K [0x00000000e0000000, 0x00000000e2a80000, 0x0000000100000000)
  eden space 33280K, 0% used [0x00000000e0000000,0x00000000e0000000,0x00000000e2080000)
  from space 5120K, 99% used [0x00000000e2580000,0x00000000e2a745c8,0x00000000e2a80000)
  to   space 5120K, 0% used [0x00000000e2080000,0x00000000e2080000,0x00000000e2580000)
 ParOldGen       total 87552K, used 16K [0x00000000a0000000, 0x00000000a5580000, 0x00000000e0000000)
  object space 87552K, 0% used [0x00000000a0000000,0x00000000a0004000,0x00000000a5580000)
 Metaspace       used 9806K, capacity 10044K, committed 10112K, reserved 1058816K
  class space    used 1308K, capacity 1388K, committed 1408K, reserved 1048576K
}
Event: 25.731 GC heap before
{Heap before GC invocations=3 (full 0):
 PSYoungGen      total 38400K, used 38353K [0x00000000e0000000, 0x00000000e2a80000, 0x0000000100000000)
  eden space 33280K, 100% used [0x00000000e0000000,0x00000000e2080000,0x00000000e2080000)
  from space 5120K, 99% used [0x00000000e2580000,0x00000000e2a745c8,0x00000000e2a80000)
  to   space 5120K, 0% used [0x00000000e2080000,0x00000000e2080000,0x00000000e2580000)
 ParOldGen       total 87552K, used 16K [0x00000000a0000000, 0x00000000a5580000, 0x00000000e0000000)
  object space 87552K, 0% used [0x00000000a0000000,0x00000000a0004000,0x00000000a5580000)
 Metaspace       used 13276K, capacity 13592K, committed 13824K, reserved 1060864K
  class space    used 1876K, capacity 2000K, committed 2048K, reserved 1048576K
Event: 25.738 GC heap after
Heap after GC invocations=3 (full 0):
 PSYoungGen      total 38400K, used 5094K [0x00000000e0000000, 0x00000000e2a80000, 0x0000000100000000)
  eden space 33280K, 0% used [0x00000000e0000000,0x00000000e0000000,0x00000000e2080000)
  from space 5120K, 99% used [0x00000000e2080000,0x00000000e2579a40,0x00000000e2580000)
  to   space 5120K, 0% used [0x00000000e2580000,0x00000000e2580000,0x00000000e2a80000)
 ParOldGen       total 87552K, used 1934K [0x00000000a0000000, 0x00000000a5580000, 0x00000000e0000000)
  object space 87552K, 2% used [0x00000000a0000000,0x00000000a01e3960,0x00000000a5580000)
 Metaspace       used 13276K, capacity 13592K, committed 13824K, reserved 1060864K
  class space    used 1876K, capacity 2000K, committed 2048K, reserved 1048576K
}

Deoptimization events (10 events):
Event: 2.347 Thread 0x0000000002c54000 Uncommon trap: reason=unstable_if action=reinterpret pc=0x0000000002f9f4b0 method=java.util.jar.Manifest$FastInputStream.readLine([BII)I @ 87
Event: 17.021 Thread 0x0000000002c54000 Uncommon trap: reason=class_check action=maybe_recompile pc=0x000000000300b544 method=java.util.regex.Matcher.match(II)Z @ 86
Event: 17.860 Thread 0x0000000002c54000 Uncommon trap: reason=unstable_if action=reinterpret pc=0x0000000002fc8bb4 method=java.util.HashMap.getNode(ILjava/lang/Object;)Ljava/util/HashMap$Node; @ 129
Event: 17.860 Thread 0x0000000002c54000 Uncommon trap: reason=bimorphic action=maybe_recompile pc=0x0000000002fd74e8 method=java.util.HashMap.putVal(ILjava/lang/Object;Ljava/lang/Object;ZZ)Ljava/lang/Object; @ 203
Event: 18.883 Thread 0x0000000002c54000 Uncommon trap: reason=unstable_if action=reinterpret pc=0x0000000002ffceb8 method=java.io.WinNTFileSystem.normalize(Ljava/lang/String;)Ljava/lang/String; @ 128
Event: 18.883 Thread 0x0000000002c54000 Uncommon trap: reason=unstable_if action=reinterpret pc=0x0000000003046f88 method=java.io.WinNTFileSystem.normalize(Ljava/lang/String;II)Ljava/lang/String; @ 90
Event: 21.599 Thread 0x00000000190c8000 Uncommon trap: reason=bimorphic action=maybe_recompile pc=0x0000000002fd69f0 method=java.util.HashMap.putVal(ILjava/lang/Object;Ljava/lang/Object;ZZ)Ljava/lang/Object; @ 253
Event: 21.600 Thread 0x00000000190c8000 Uncommon trap: reason=bimorphic action=maybe_recompile pc=0x0000000002fd69f0 method=java.util.HashMap.putVal(ILjava/lang/Object;Ljava/lang/Object;ZZ)Ljava/lang/Object; @ 253
Event: 21.600 Thread 0x00000000190c8000 Uncommon trap: reason=bimorphic action=maybe_recompile pc=0x0000000002fd69f0 method=java.util.HashMap.putVal(ILjava/lang/Object;Ljava/lang/Object;ZZ)Ljava/lang/Object; @ 253
Event: 21.600 Thread 0x00000000190c8000 Uncommon trap: reason=bimorphic action=maybe_recompile pc=0x0000000002fd1d14 method=java.util.HashMap.putVal(ILjava/lang/Object;Ljava/lang/Object;ZZ)Ljava/lang/Object; @ 253

Classes redefined (0 events):
No events

Internal exceptions (10 events):
Event: 1.712 Thread 0x0000000002c54000 Exception <a 'java/lang/ArrayIndexOutOfBoundsException'> (0x00000000e0f14c40) thrown at [D:\src\AOSP-openjdk-cygwin\jdk8u\hotspot\src\share\vm\runtime\sharedRuntime.cpp, line 605]
Event: 1.712 Thread 0x0000000002c54000 Exception <a 'java/lang/ArrayIndexOutOfBoundsException'> (0x00000000e0f1e8d0) thrown at [D:\src\AOSP-openjdk-cygwin\jdk8u\hotspot\src\share\vm\runtime\sharedRuntime.cpp, line 605]
Event: 1.712 Thread 0x0000000002c54000 Exception <a 'java/lang/ArrayIndexOutOfBoundsException'> (0x00000000e0f210c8) thrown at [D:\src\AOSP-openjdk-cygwin\jdk8u\hotspot\src\share\vm\runtime\sharedRuntime.cpp, line 605]
Event: 1.713 Thread 0x0000000002c54000 Exception <a 'java/lang/ArrayIndexOutOfBoundsException'> (0x00000000e0f2d960) thrown at [D:\src\AOSP-openjdk-cygwin\jdk8u\hotspot\src\share\vm\runtime\sharedRuntime.cpp, line 605]
Event: 1.714 Thread 0x0000000002c54000 Exception <a 'java/lang/ArrayIndexOutOfBoundsException'> (0x00000000e0f40ec8) thrown at [D:\src\AOSP-openjdk-cygwin\jdk8u\hotspot\src\share\vm\runtime\sharedRuntime.cpp, line 605]
Event: 1.714 Thread 0x0000000002c54000 Exception <a 'java/lang/ArrayIndexOutOfBoundsException'> (0x00000000e0f4d9c8) thrown at [D:\src\AOSP-openjdk-cygwin\jdk8u\hotspot\src\share\vm\runtime\sharedRuntime.cpp, line 605]
Event: 1.715 Thread 0x0000000002c54000 Exception <a 'java/lang/ArrayIndexOutOfBoundsException'> (0x00000000e0f4f898) thrown at [D:\src\AOSP-openjdk-cygwin\jdk8u\hotspot\src\share\vm\runtime\sharedRuntime.cpp, line 605]
Event: 17.703 Thread 0x0000000002c54000 Exception <a 'java/lang/NoSuchFieldError': method resolution failed> (0x00000000e1b5c160) thrown at [D:\src\AOSP-openjdk-cygwin\jdk8u\hotspot\src\share\vm\prims\methodHandles.cpp, line 1167]
Event: 17.704 Thread 0x0000000002c54000 Exception <a 'java/lang/NoSuchFieldError': method resolution failed> (0x00000000e1b69e80) thrown at [D:\src\AOSP-openjdk-cygwin\jdk8u\hotspot\src\share\vm\prims\methodHandles.cpp, line 1167]
Event: 20.334 Thread 0x0000000002c54000 Exception <a 'java/io/IOException'> (0x00000000e0356c30) thrown at [D:\src\AOSP-openjdk-cygwin\jdk8u\hotspot\src\share\vm\prims\jni.cpp, line 709]

Events (10 events):
Event: 25.901 Thread 0x00000000166cf000 flushing nmethod 0x0000000002ee1910
Event: 25.901 Thread 0x00000000166cf000 flushing nmethod 0x0000000002ee3550
Event: 25.902 loading class org/gradle/internal/authentication/DefaultAwsImAuthentication
Event: 25.902 loading class org/gradle/internal/authentication/DefaultAwsImAuthentication done
Event: 25.902 loading class org/gradle/language/cpp/internal/tooling/ToolingNativeServices$ToolingModelRegistration
Event: 25.902 loading class org/gradle/language/cpp/internal/tooling/ToolingNativeServices$ToolingModelRegistration done
Event: 25.902 loading class org/gradle/tooling/provider/model/ToolingModelBuilder
Event: 25.902 loading class org/gradle/tooling/provider/model/ToolingModelBuilder done
Event: 25.903 loading class org/gradle/initialization/DefaultGradleLauncherFactory$NestedBuildFactoryImpl
Event: 25.903 loading class org/gradle/initialization/DefaultGradleLauncherFactory$NestedBuildFactoryImpl done


Dynamic libraries:
0x00007ff70a390000 - 0x00007ff70a3c1000 	C:\Program Files\Android\Android Studio\jre\bin\java.exe
0x00007ffd0d910000 - 0x00007ffd0dabd000 	C:\Windows\SYSTEM32\ntdll.dll
0x00007ffd0d060000 - 0x00007ffd0d19f000 	C:\Windows\system32\KERNEL32.DLL
0x00007ffd0add0000 - 0x00007ffd0aee6000 	C:\Windows\system32\KERNELBASE.dll
0x00007ffd0cd10000 - 0x00007ffd0cdba000 	C:\Windows\system32\ADVAPI32.dll
0x00007ffd0ce30000 - 0x00007ffd0cfa7000 	C:\Windows\system32\USER32.dll
0x00007ffd08b50000 - 0x00007ffd08dcb000 	C:\Windows\WinSxS\amd64_microsoft.windows.common-controls_6595b64144ccf1df_6.0.9600.19394_none_62486577ecb635cf\COMCTL32.dll
0x00007ffd0cfb0000 - 0x00007ffd0d05a000 	C:\Windows\system32\msvcrt.dll
0x00007ffd0b590000 - 0x00007ffd0b5e9000 	C:\Windows\SYSTEM32\sechost.dll
0x00007ffd0b370000 - 0x00007ffd0b4b0000 	C:\Windows\system32\RPCRT4.dll
0x00007ffd0b220000 - 0x00007ffd0b36c000 	C:\Windows\system32\GDI32.dll
0x00007ffd0ada0000 - 0x00007ffd0adce000 	C:\Windows\system32\SspiCli.dll
0x00007ffd0d8d0000 - 0x00007ffd0d906000 	C:\Windows\system32\IMM32.DLL
0x00007ffd0d1a0000 - 0x00007ffd0d2f2000 	C:\Windows\system32\MSCTF.dll
0x0000000057b40000 - 0x0000000057c12000 	C:\Program Files\Android\Android Studio\jre\jre\bin\msvcr100.dll
0x0000000058180000 - 0x00000000589c1000 	C:\Program Files\Android\Android Studio\jre\jre\bin\server\jvm.dll
0x00007ffd04460000 - 0x00007ffd04469000 	C:\Windows\SYSTEM32\WSOCK32.dll
0x00007ffd04500000 - 0x00007ffd04522000 	C:\Windows\SYSTEM32\WINMM.dll
0x00007ffd04b40000 - 0x00007ffd04b4a000 	C:\Windows\SYSTEM32\VERSION.dll
0x00007ffd0b210000 - 0x00007ffd0b217000 	C:\Windows\system32\PSAPI.DLL
0x00007ffd0b600000 - 0x00007ffd0b65a000 	C:\Windows\system32\WS2_32.dll
0x00007ffd044d0000 - 0x00007ffd044fa000 	C:\Windows\SYSTEM32\WINMMBASE.dll
0x00007ffd0b5f0000 - 0x00007ffd0b5f9000 	C:\Windows\system32\NSI.dll
0x00007ffd0af50000 - 0x00007ffd0af9f000 	C:\Windows\SYSTEM32\cfgmgr32.dll
0x00007ffd09850000 - 0x00007ffd09878000 	C:\Windows\SYSTEM32\DEVOBJ.dll
0x00007ffd01a40000 - 0x00007ffd01a4f000 	C:\Program Files\Android\Android Studio\jre\jre\bin\verify.dll
0x00007ffd01a10000 - 0x00007ffd01a39000 	C:\Program Files\Android\Android Studio\jre\jre\bin\java.dll
0x00007ffd019f0000 - 0x00007ffd01a06000 	C:\Program Files\Android\Android Studio\jre\jre\bin\zip.dll
0x00007ffd0b720000 - 0x00007ffd0cc4b000 	C:\Windows\system32\SHELL32.dll
0x00007ffd0d500000 - 0x00007ffd0d710000 	C:\Windows\SYSTEM32\combase.dll
0x00007ffd0b530000 - 0x00007ffd0b584000 	C:\Windows\system32\SHLWAPI.dll
0x00007ffd08fd0000 - 0x00007ffd09082000 	C:\Windows\SYSTEM32\SHCORE.dll
0x00007ffd0aa40000 - 0x00007ffd0aa55000 	C:\Windows\SYSTEM32\profapi.dll
0x00007ffd019d0000 - 0x00007ffd019ea000 	C:\Program Files\Android\Android Studio\jre\jre\bin\net.dll
0x00007ffd0a2d0000 - 0x00007ffd0a329000 	C:\Windows\system32\mswsock.dll
0x00007ffd01980000 - 0x00007ffd01991000 	C:\Program Files\Android\Android Studio\jre\jre\bin\nio.dll
0x00007ffce9720000 - 0x00007ffce973e000 	C:\Users\USER\.gradle\native\25\windows-amd64\native-platform.dll
0x00007ffd00f60000 - 0x00007ffd00f6d000 	C:\Program Files\Android\Android Studio\jre\jre\bin\management.dll
0x00007ffd0a330000 - 0x00007ffd0a350000 	C:\Windows\SYSTEM32\CRYPTSP.dll
0x00007ffd09ef0000 - 0x00007ffd09f26000 	C:\Windows\system32\rsaenh.dll
0x00007ffd0a580000 - 0x00007ffd0a5a6000 	C:\Windows\SYSTEM32\bcrypt.dll
0x00007ffd0a060000 - 0x00007ffd0a081000 	C:\Windows\SYSTEM32\USERENV.dll
0x00007ffd0a8a0000 - 0x00007ffd0a903000 	C:\Windows\system32\bcryptprimitives.dll
0x00007ffd0a930000 - 0x00007ffd0a93b000 	C:\Windows\SYSTEM32\CRYPTBASE.dll
0x00007ffd06af0000 - 0x00007ffd06b1a000 	C:\Windows\SYSTEM32\IPHLPAPI.DLL
0x00007ffd06ad0000 - 0x00007ffd06ada000 	C:\Windows\SYSTEM32\WINNSI.DLL
0x00007ffd06980000 - 0x00007ffd06996000 	C:\Windows\SYSTEM32\dhcpcsvc6.DLL
0x00007ffd06960000 - 0x00007ffd0697a000 	C:\Windows\SYSTEM32\dhcpcsvc.DLL

VM Arguments:
jvm_args: -Xmx1536M -Dfile.encoding=windows-1252 -Duser.country=US -Duser.language=en -Duser.variant 
java_command: org.gradle.launcher.daemon.bootstrap.GradleDaemon 4.10.2
java_class_path (initial): C:\Users\USER\.gradle\wrapper\dists\gradle-4.10.2-all\9fahxiiecdb76a5g3aw9oi8rv\gradle-4.10.2\lib\gradle-launcher-4.10.2.jar
Launcher Type: SUN_STANDARD

Environment Variables:
JAVA_HOME=C:\Program Files\Android\Android Studio\jre
CLASSPATH=C:\Users\USER\AndroidStudioProjects\flutter_app\android\\gradle\wrapper\gradle-wrapper.jar
PATH=C:\Program Files\NVIDIA GPU Computing Toolkit\CUDA\v10.1\bin;C:\Program Files\NVIDIA GPU Computing Toolkit\CUDA\v10.1\libnvvp;C:\Program Files (x86)\Common Files\Oracle\Java\javapath;C:\Windows\system32;C:\Windows;C:\Windows\System32\Wbem;C:\Windows\System32\WindowsPowerShell\v1.0\;C:\Program Files\dotnet\;C:\wamp64\bin\php\php5.6.31;C:\ProgramData\ComposerSetup\bin;C:\Program Files (x86)\Microsoft SQL Server\140\Tools\Binn\;C:\Program Files\Microsoft SQL Server\Client SDK\ODBC\130\Tools\Binn\;C:\Program Files\Microsoft SQL Server\140\Tools\Binn\;C:\Program Files\Microsoft SQL Server\140\DTS\Binn\;C:\Program Files\Microsoft SQL Server\110\Tools\Binn\;c:\Program Files (x86)\Microsoft SQL Server\110\Tools\Binn\ManagementStudio\;c:\Program Files (x86)\Microsoft SQL Server\110\Tools\Binn\;c:\Program Files (x86)\Microsoft SQL Server\110\DTS\Binn\;C:\Program Files (x86)\combit\LL23\Redistributable Files\;C:\Program Files (x86)\combit\LL23\Redistributable Files\x64\;C:\Program Files\Microsoft VS Code\bin;C:\Program Files\MiKTeX 2.9\miktex\bin\x64\;C:\Program Files (x86)\Microsoft SQL Server\Client SDK\ODBC\130\Tools\Binn\;C:\Program Files (x86)\Microsoft SQL Server\140\DTS\Binn\;C:\Program Files (x86)\Microsoft SQL Server\140\Tools\Binn\ManagementStudio\;C:\Program Files\Microsoft SQL Server\130\Tools\Binn\;C:\Program Files\NVIDIA Corporation\Nsight Compute 2019.1\;C:\Program Files (x86)\NVIDIA Corporation\PhysX\Common;C:\Program Files\Git\cmd;C:\Users\USER\Anaconda3;C:\Users\USER\Anaconda3\Library\mingw-w64\bin;C:\Users\USER\Anaconda3\Library\usr\bin;C:\Users\USER\Anaconda3\Library\bin;C:\Users\USER\Anaconda3\Scripts;%DASHLANE_DLL_DIR%;C:\Users\USER\AppData\Roaming\Composer\vendor\bin;C:\Users\USER\AppData\Local\Programs\MiKTeX 2.9\miktex\bin\x64\;C:\Users\USER\AppData\Local\Programs\Microsoft VS Code\bin;C:\Users\USER\Downloads\program 2019\flutter_windows_v1.7.8+hotfix.3-stable\flutter\bin\mingit\cmd
USERNAME=USER
OS=Windows_NT
PROCESSOR_IDENTIFIER=Intel64 Family 6 Model 42 Stepping 7, GenuineIntel



---------------  S Y S T E M  ---------------

OS: Windows 8.1 , 64 bit Build 9600 (6.3.9600.19358)

CPU:total 4 (initial active 4) (4 cores per cpu, 1 threads per core) family 6 model 42 stepping 7, cmov, cx8, fxsr, mmx, sse, sse2, sse3, ssse3, sse4.1, sse4.2, popcnt, avx, aes, clmul, tsc, tscinvbit

Memory: 4k page, physical 8365508k(1136500k free), swap 11511236k(8168k free)

vm_info: OpenJDK 64-Bit Server VM (25.152-b01) for windows-amd64 JRE (1.8.0_152-release-1343-b01), built by "builder" with MS VC++ 10.0 (VS2010)

time: Thu Aug 22 18:01:43 2019
elapsed time: 26 seconds (0d 0h 0m 26s)

